<?xml version="1.0" encoding="UTF-8"?>
<!-- Generated by org.testng.reporters.JUnitXMLReporter -->
<testsuite ignored="0" hostname="LAPTOP-I5N94H9U" failures="0" tests="6" name="Default test" time="31.48" errors="0" timestamp="2021-01-24T18:43:43 BRT">
  <testcase classname="io.swagger.petstore.TestAPIPetStore" name="postUser" time="9.467"/>
  <testcase classname="io.swagger.petstore.TestAPIPetStore" name="postPet" time="6.806"/>
  <testcase classname="io.swagger.petstore.TestAPIPetStore" name="placeOrder" time="6.422"/>
  <testcase classname="io.swagger.petstore.TestAPIPetStore" name="replaceOrder" time="6.391"/>
  <testcase classname="io.swagger.petstore.TestAPIPetStore" name="getPet" time="0.701"/>
  <testcase classname="io.swagger.petstore.TestAPIPetStore" name="getUser" time="0.626"/>
</testsuite> <!-- Default test -->
